<?xml version="1.0" encoding="UTF-8"?>
<testng-results skipped="0" failed="0" total="1" passed="1">
  <reporter-output>
  </reporter-output>
  <suite name="Default suite" duration-ms="71877" started-at="2019-11-06T13:03:14Z" finished-at="2019-11-06T13:04:26Z">
    <groups>
    </groups>
    <test name="Default test" duration-ms="71877" started-at="2019-11-06T13:03:14Z" finished-at="2019-11-06T13:04:26Z">
      <class name="DriverFactory.AppTest">
        <test-method status="PASS" signature="kickStart()[pri:0, instance:DriverFactory.AppTest@457e2f02]" name="kickStart" duration-ms="71860" started-at="2019-11-06T18:33:14Z" finished-at="2019-11-06T18:34:26Z">
          <reporter-output>
          </reporter-output>
        </test-method> <!-- kickStart -->
      </class> <!-- DriverFactory.AppTest -->
    </test> <!-- Default test -->
  </suite> <!-- Default suite -->
</testng-results>
