<?xml version="1.0" encoding="UTF-8"?>
<testng-results skipped="0" failed="0" total="1" passed="1">
  <reporter-output>
  </reporter-output>
  <suite name="Default suite" duration-ms="40154" started-at="2019-11-06T19:40:17Z" finished-at="2019-11-06T19:40:57Z">
    <groups>
    </groups>
    <test name="Default test" duration-ms="40154" started-at="2019-11-06T19:40:17Z" finished-at="2019-11-06T19:40:57Z">
      <class name="driverfactory.Apptest">
        <test-method status="PASS" signature="kickStart()[pri:0, instance:driverfactory.Apptest@d7b1517]" name="kickStart" duration-ms="40131" started-at="2019-11-07T01:10:17Z" finished-at="2019-11-07T01:10:57Z">
          <reporter-output>
          </reporter-output>
        </test-method> <!-- kickStart -->
      </class> <!-- driverfactory.Apptest -->
    </test> <!-- Default test -->
  </suite> <!-- Default suite -->
</testng-results>
